2024-07-03 13:28:17 INFO  Utils:112 - [TestNG] Running:
  C:\Users\ashis\eclipse-workspace\Project_Bypavan\master.xml

2024-07-03 13:34:45 INFO  Utils:112 - [TestNG] Running:
  C:\Users\ashis\eclipse-workspace\Project_Bypavan\master.xml

2024-07-03 13:35:48 INFO  Utils:112 - [TestNG] Running:
  C:\Users\ashis\eclipse-workspace\Project_Bypavan\master.xml

2024-07-03 13:35:55 INFO  TC_001AccountRegistration:18 - Starting the Test Case
2024-07-03 13:35:55 INFO  TC_001AccountRegistration:18 - Starting the Test Case
2024-07-03 13:35:55 INFO  TC_001AccountRegistration:21 - Clicking on MyAccount
2024-07-03 13:35:55 INFO  TC_001AccountRegistration:21 - Clicking on MyAccount
2024-07-03 13:35:56 INFO  TC_001AccountRegistration:23 - Clicking on Register
2024-07-03 13:35:56 INFO  TC_001AccountRegistration:23 - Clicking on Register
2024-07-03 13:36:24 INFO  Utils:112 - [TestNG] Running:
  C:\Users\ashis\eclipse-workspace\Project_Bypavan\master.xml

2024-07-03 13:36:29 INFO  TC_001AccountRegistration:18 - Starting the Test Case
2024-07-03 13:36:29 INFO  TC_001AccountRegistration:21 - Clicking on MyAccount
2024-07-03 13:36:29 INFO  TC_001AccountRegistration:23 - Clicking on Register
2024-07-03 13:36:35 INFO  TC_001AccountRegistration:18 - Starting the Test Case
2024-07-03 13:36:35 INFO  TC_001AccountRegistration:21 - Clicking on MyAccount
2024-07-03 13:36:36 INFO  TC_001AccountRegistration:23 - Clicking on Register
2024-07-03 13:36:52 INFO  Utils:112 - [TestNG] Running:
  C:\Users\ashis\eclipse-workspace\Project_Bypavan\master.xml

2024-07-03 13:37:01 INFO  TC_001AccountRegistration:18 - Starting the Test Case
2024-07-03 13:37:01 INFO  TC_001AccountRegistration:21 - Clicking on MyAccount
2024-07-03 13:37:01 INFO  TC_001AccountRegistration:23 - Clicking on Register
2024-07-03 13:37:08 INFO  TC_001AccountRegistration:18 - Starting the Test Case
2024-07-03 13:37:08 INFO  TC_001AccountRegistration:21 - Clicking on MyAccount
2024-07-03 13:37:09 INFO  TC_001AccountRegistration:23 - Clicking on Register
2024-07-03 13:49:20 INFO  Utils:112 - [TestNG] Running:
  C:\Users\ashis\eclipse-workspace\Project_Bypavan\testng.xml

2024-07-03 13:52:31 INFO  Utils:112 - [TestNG] Running:
  C:\Users\ashis\eclipse-workspace\Project_Bypavan\testng.xml

2024-07-03 13:53:13 INFO  Utils:112 - [TestNG] Running:
  C:\Users\ashis\eclipse-workspace\Project_Bypavan\testng.xml

2024-07-03 13:53:55 INFO  Utils:112 - [TestNG] Running:
  C:\Users\ashis\eclipse-workspace\Project_Bypavan\testng.xml

2024-07-03 13:54:54 INFO  Utils:112 - [TestNG] Running:
  C:\Users\ashis\eclipse-workspace\Project_Bypavan\testng.xml

2024-07-03 13:55:24 INFO  Utils:112 - [TestNG] Running:
  C:\Users\ashis\eclipse-workspace\Project_Bypavan\testng.xml

2024-07-03 13:58:48 INFO  Utils:112 - [TestNG] Running:
  C:\Users\ashis\eclipse-workspace\Project_Bypavan\testng.xml

2024-07-03 14:02:28 INFO  Utils:112 - [TestNG] Running:
  C:\Users\ashis\eclipse-workspace\Project_Bypavan\testng.xml

2024-07-03 14:03:58 INFO  Utils:112 - [TestNG] Running:
  C:\Users\ashis\eclipse-workspace\Project_Bypavan\testng.xml

2024-07-03 14:04:29 INFO  Utils:112 - [TestNG] Running:
  C:\Users\ashis\eclipse-workspace\Project_Bypavan\testng.xml

2024-07-03 18:43:26 INFO  Utils:112 - [TestNG] Running:
  C:\Users\ashis\eclipse-workspace\Project_Bypavan\testng.xml

2024-07-03 18:44:53 INFO  Utils:112 - [TestNG] Running:
  C:\Users\ashis\eclipse-workspace\Project_Bypavan\testng.xml

2024-07-03 18:45:40 INFO  Utils:112 - [TestNG] Running:
  C:\Users\ashis\eclipse-workspace\Project_Bypavan\testng.xml

2024-07-03 18:45:58 INFO  Utils:112 - [TestNG] Running:
  C:\Users\ashis\eclipse-workspace\Project_Bypavan\testng.xml

2024-07-03 18:55:32 INFO  Utils:112 - [TestNG] Running:
  C:\Users\ashis\eclipse-workspace\Project_Bypavan\testng.xml

2024-07-03 18:55:58 INFO  Utils:112 - [TestNG] Running:
  C:\Users\ashis\eclipse-workspace\Project_Bypavan\testng.xml

2024-07-03 19:00:09 INFO  Utils:112 - [TestNG] Running:
  C:\Users\ashis\eclipse-workspace\Project_Bypavan\testng.xml

2024-07-03 19:00:17 INFO  TC_001AccountRegistration:18 - Starting the Test Case
2024-07-03 19:00:17 INFO  TC_001AccountRegistration:21 - Clicking on MyAccount
2024-07-03 19:00:19 INFO  TC_001AccountRegistration:23 - Clicking on Register
2024-07-03 19:00:59 INFO  Utils:112 - [TestNG] Running:
  C:\Users\ashis\eclipse-workspace\Project_Bypavan\testng.xml

2024-07-03 19:03:01 INFO  Utils:112 - [TestNG] Running:
  C:\Users\ashis\eclipse-workspace\Project_Bypavan\testng.xml

2024-07-03 19:04:06 INFO  Utils:112 - [TestNG] Running:
  C:\Users\ashis\eclipse-workspace\Project_Bypavan\testng.xml

2024-07-03 19:04:11 INFO  TC_001AccountRegistration:18 - Starting the Test Case
2024-07-03 19:04:11 INFO  TC_001AccountRegistration:21 - Clicking on MyAccount
2024-07-03 19:04:12 INFO  TC_001AccountRegistration:23 - Clicking on Register
2024-07-03 19:16:58 INFO  Utils:112 - [TestNG] Running:
  C:\Users\ashis\eclipse-workspace\Project_Bypavan\testng.xml

2024-07-03 19:17:02 INFO  TC_001AccountRegistration:18 - Starting the Test Case
2024-07-03 19:17:02 INFO  TC_001AccountRegistration:21 - Clicking on MyAccount
2024-07-03 19:17:03 INFO  TC_001AccountRegistration:23 - Clicking on Register
2024-07-03 19:17:36 INFO  Utils:112 - [TestNG] Running:
  C:\Users\ashis\eclipse-workspace\Project_Bypavan\testng.xml

2024-07-03 19:17:40 INFO  TC_001AccountRegistration:18 - Starting the Test Case
2024-07-03 19:17:40 INFO  TC_001AccountRegistration:21 - Clicking on MyAccount
2024-07-03 19:17:40 INFO  TC_001AccountRegistration:23 - Clicking on Register
